<?xml version="1.0" encoding="UTF-8"?>
<!-- Generated by org.testng.reporters.JUnitReportReporter -->
<testsuite hostname="MMD5CG1076NHT" failures="0" tests="24" name="FirstTest" time="151.825" errors="0" timestamp="2021-10-20T15:55:59 CEST" skipped="0">
  <testcase classname="FirstTest" name="GOOGLE3" time="6.539"/>
  <system-out/>
  <testcase classname="FirstTest" name="GOOGLE1" time="8.925"/>
  <system-out/>
  <testcase classname="FirstTest" name="GOOGLE2" time="4.146"/>
  <system-out/>
  <testcase classname="FirstTest" name="GOOGLE1" time="6.531"/>
  <system-out/>
  <testcase classname="FirstTest" name="GOOGLE3" time="10.444"/>
  <system-out/>
  <testcase classname="FirstTest" name="GOOGLE3" time="9.139"/>
  <system-out/>
  <testcase classname="FirstTest" name="GOOGLE2" time="10.456"/>
  <system-out/>
  <testcase classname="FirstTest" name="GOOGLE1" time="6.060"/>
  <system-out/>
  <testcase classname="FirstTest" name="GOOGLE3" time="5.413"/>
  <system-out/>
  <testcase classname="FirstTest" name="GOOGLE1" time="10.468"/>
  <system-out/>
  <testcase classname="FirstTest" name="GOOGLE3" time="5.041"/>
  <system-out/>
  <testcase classname="FirstTest" name="GOOGLE2" time="5.121"/>
  <system-out/>
  <testcase classname="FirstTest" name="GOOGLE3" time="3.951"/>
  <system-out/>
  <testcase classname="FirstTest" name="GOOGLE3" time="5.609"/>
  <system-out/>
  <testcase classname="FirstTest" name="GOOGLE1" time="3.893"/>
  <system-out/>
  <testcase classname="FirstTest" name="GOOGLE2" time="9.546"/>
  <system-out/>
  <testcase classname="FirstTest" name="GOOGLE1" time="5.117"/>
  <system-out/>
  <testcase classname="FirstTest" name="GOOGLE2" time="5.551"/>
  <system-out/>
  <testcase classname="FirstTest" name="GOOGLE3" time="6.156"/>
  <system-out/>
  <testcase classname="FirstTest" name="GOOGLE1" time="3.410"/>
  <system-out/>
  <testcase classname="FirstTest" name="GOOGLE2" time="3.329"/>
  <system-out/>
  <testcase classname="FirstTest" name="GOOGLE2" time="5.411"/>
  <system-out/>
  <testcase classname="FirstTest" name="GOOGLE1" time="5.104"/>
  <system-out/>
  <testcase classname="FirstTest" name="GOOGLE2" time="6.465"/>
  <system-out/>
</testsuite> <!-- FirstTest -->
