<?xml version="1.0" encoding="UTF-8"?>
<!-- Generated by org.testng.reporters.JUnitReportReporter -->
<testsuite hostname="MMD5CG1076NHT" failures="0" tests="2" name="SecondTest" time="26.449" errors="0" timestamp="2021-10-20T15:55:59 CEST" skipped="0">
  <testcase classname="SecondTest" name="GOOGLE4" time="12.884"/>
  <system-out/>
  <testcase classname="SecondTest" name="YANDEX" time="13.565"/>
  <system-out/>
</testsuite> <!-- SecondTest -->
